<?xml version='1.0' encoding='utf-8'?>
<testsuites name="cocotb tests"><testsuite name="tb_dut" errors="0" failures="1" skipped="0" tests="2" time="0.000" timestamp="2026-01-01T00:00:00+00:00" hostname="testhost"><testcase classname="tb_dut" name="test_passes" time="0.000"><properties><property name="cocotb" value="True" /><property name="random_seed" value="1789608322" /><property name="file" value="tb_dut.py" /><property name="line" value="4" /><property name="sim_time_unit" value="ns" /><property name="sim_time_start" value="0.0" /><property name="sim_time_stop" value="10.0" /><property name="sim_time_duration" value="10.0" /><property name="sim_time_ratio" value="56750.782175758315" /></properties></testcase><testcase classname="tb_dut" name="test_fails" time="0.000"><failure message="deliberate failure&#10;assert False" type="AssertionError">Traceback (most recent call last):
  File "/private/tmp/claude-501/-Volumes-src-xeda/f8cfc1e5-caae-4313-a37f-6632fa74c01c/scratchpad/cocofail/tb_dut.py", line 12, in test_fails
    assert False, "deliberate failure"
AssertionError: deliberate failure
assert False
</failure><properties><property name="cocotb" value="True" /><property name="random_seed" value="1789608322" /><property name="file" value="tb_dut.py" /><property name="line" value="9" /><property name="sim_time_unit" value="ns" /><property name="sim_time_start" value="10.000001" /><property name="sim_time_stop" value="30.000001" /><property name="sim_time_duration" value="20.0" /><property name="sim_time_ratio" value="251968.52545957474" /></properties></testcase></testsuite></testsuites>
